<?xml version="1.0" encoding="UTF-8"?>
<!-- Generated by org.testng.reporters.JUnitReportReporter -->
<testsuite hostname="CSR-1" failures="0" tests="1" name="com.angular.uisparkster.LoginPageTest.TC001_logintest" time="20.723" errors="0" timestamp="28 Aug 2019 07:31:18 GMT" skipped="0">
  <testcase classname="com.angular.uisparkster.LoginPageTest.TC001_logintest" name="loginPageTitleTest" time="20.723"/>
</testsuite> <!-- com.angular.uisparkster.LoginPageTest.TC001_logintest -->
