<?xml version="1.0" encoding="UTF-8"?>
<!-- Generated by org.testng.reporters.JUnitReportReporter -->
<testsuite hostname="CSR-1" failures="0" tests="1" name="com.angular.widgettest.widgetstest" time="45.629" errors="0" timestamp="28 Aug 2019 08:38:56 GMT" skipped="0">
  <testcase classname="com.angular.widgettest.widgetstest" name="check_widgetpagee" time="45.629"/>
</testsuite> <!-- com.angular.widgettest.widgetstest -->
